<?xml version="1.0" encoding="UTF-8"?>
<!-- Generated by org.testng.reporters.JUnitReportReporter -->
<testsuite hostname="LAPTOP-HP3742QA" failures="0" tests="1" name="com.qa.happyfox.test.HelpDeskPageTest" time="11.750" errors="0" timestamp="2020-06-14T21:41:38 IST" skipped="0">
  <testcase classname="com.qa.happyfox.test.HelpDeskPageTest" name="pagetitleverification" time="11.750"/>
  <system-out/>
</testsuite> <!-- com.qa.happyfox.test.HelpDeskPageTest -->
